[Tue Jan 26 18:24:08.839619 2016] [authz_core:error] [pid 4250] [client ::1:59842] AH01630: client denied by server configuration: /home/philippe/nodePastoraleSanteJS/pastoraleSante/info.php
[Tue Jan 26 18:24:09.037131 2016] [authz_core:error] [pid 4250] [client ::1:59842] AH01630: client denied by server configuration: /home/philippe/nodePastoraleSanteJS/pastoraleSante/favicon.ico, referer: http://localhost/info.php
[Tue Jan 26 18:26:43.034138 2016] [authz_core:error] [pid 4252] [client ::1:59850] AH01630: client denied by server configuration: /home/philippe/nodePastoraleSanteJS/pastoraleSante/info.php
[Tue Jan 26 18:26:43.228287 2016] [authz_core:error] [pid 4252] [client ::1:59850] AH01630: client denied by server configuration: /home/philippe/nodePastoraleSanteJS/pastoraleSante/favicon.ico, referer: http://localhost/info.php
[Tue Jan 26 18:27:13.137362 2016] [authz_core:error] [pid 4254] [client ::1:59852] AH01630: client denied by server configuration: /home/philippe/nodePastoraleSanteJS/pastoraleSante/favicon.ico, referer: http://localhost/
[Tue Jan 26 18:33:32.982942 2016] [authz_core:error] [pid 4253] [client ::1:59868] AH01630: client denied by server configuration: /home/philippe/nodePastoraleSanteJS
[Tue Jan 26 18:33:33.184055 2016] [authz_core:error] [pid 4253] [client ::1:59868] AH01630: client denied by server configuration: /home/philippe/nodePastoraleSanteJS, referer: http://localhost/
[Tue Jan 26 18:33:46.753151 2016] [authz_core:error] [pid 4251] [client ::1:59872] AH01630: client denied by server configuration: /home/philippe/nodePastoraleSanteJS
[Tue Jan 26 18:33:46.957180 2016] [authz_core:error] [pid 4251] [client ::1:59872] AH01630: client denied by server configuration: /home/philippe/nodePastoraleSanteJS, referer: http://localhost/default.html
[Tue Jan 26 18:36:00.373401 2016] [authz_core:error] [pid 4316] [client ::1:59878] AH01630: client denied by server configuration: /home/philippe/nodePastoraleSanteJS/pastoraleSante/default.html
[Tue Jan 26 18:36:00.589484 2016] [authz_core:error] [pid 4316] [client ::1:59878] AH01630: client denied by server configuration: /home/philippe/nodePastoraleSanteJS/pastoraleSante/favicon.ico, referer: http://localhost/default.html
[Tue Jan 26 18:46:45.015046 2016] [authz_core:error] [pid 4250] [client ::1:59988] AH01630: client denied by server configuration: /home/philippe/nodePastoraleSanteJS/pastoraleSante/default.html
[Tue Jan 26 18:46:45.204245 2016] [authz_core:error] [pid 4250] [client ::1:59988] AH01630: client denied by server configuration: /home/philippe/nodePastoraleSanteJS/pastoraleSante/favicon.ico, referer: http://localhost/default.html
[Tue Jan 26 18:46:46.662447 2016] [authz_core:error] [pid 4250] [client ::1:59988] AH01630: client denied by server configuration: /home/philippe/nodePastoraleSanteJS/pastoraleSante/default.html
[Tue Jan 26 18:46:46.837039 2016] [authz_core:error] [pid 4250] [client ::1:59988] AH01630: client denied by server configuration: /home/philippe/nodePastoraleSanteJS/pastoraleSante/favicon.ico, referer: http://localhost/default.html
[Tue Jan 26 18:46:46.881784 2016] [authz_core:error] [pid 4250] [client ::1:59988] AH01630: client denied by server configuration: /home/philippe/nodePastoraleSanteJS/pastoraleSante/default.html
[Tue Jan 26 18:46:47.039611 2016] [authz_core:error] [pid 4250] [client ::1:59988] AH01630: client denied by server configuration: /home/philippe/nodePastoraleSanteJS/pastoraleSante/favicon.ico, referer: http://localhost/default.html
[Tue Jan 26 19:21:24.271556 2016] [:error] [pid 4738] [client ::1:60186] PHP Parse error:  syntax error, unexpected ')', expecting variable (T_VARIABLE) in /home/philippe/nodePastoraleSanteJS/pastoraleSante/php/geteditparoisse.php on line 311, referer: http://localhost/default.html
[Tue Jan 26 19:21:24.343738 2016] [:error] [pid 4864] [client ::1:60188] PHP Parse error:  syntax error, unexpected ')', expecting variable (T_VARIABLE) in /home/philippe/nodePastoraleSanteJS/pastoraleSante/php/geteditparoisse.php on line 311, referer: http://localhost/default.html
[Tue Jan 26 19:21:24.949624 2016] [:error] [pid 4739] [client ::1:60190] PHP Parse error:  syntax error, unexpected ')', expecting variable (T_VARIABLE) in /home/philippe/nodePastoraleSanteJS/pastoraleSante/php/geteditparoisse.php on line 311, referer: http://localhost/default.html
[Tue Jan 26 19:21:25.369997 2016] [:error] [pid 5099] [client ::1:60192] PHP Parse error:  syntax error, unexpected ')', expecting variable (T_VARIABLE) in /home/philippe/nodePastoraleSanteJS/pastoraleSante/php/geteditparoisse.php on line 311, referer: http://localhost/default.html
[Tue Jan 26 19:21:25.470155 2016] [:error] [pid 4863] [client ::1:60194] PHP Parse error:  syntax error, unexpected ')', expecting variable (T_VARIABLE) in /home/philippe/nodePastoraleSanteJS/pastoraleSante/php/geteditparoisse.php on line 311, referer: http://localhost/default.html
[Tue Jan 26 19:21:25.598507 2016] [:error] [pid 4859] [client ::1:60196] PHP Parse error:  syntax error, unexpected ')', expecting variable (T_VARIABLE) in /home/philippe/nodePastoraleSanteJS/pastoraleSante/php/geteditparoisse.php on line 311, referer: http://localhost/default.html
[Tue Jan 26 19:21:25.702155 2016] [:error] [pid 4742] [client ::1:60198] PHP Parse error:  syntax error, unexpected ')', expecting variable (T_VARIABLE) in /home/philippe/nodePastoraleSanteJS/pastoraleSante/php/geteditparoisse.php on line 311, referer: http://localhost/default.html
[Tue Jan 26 19:21:25.886210 2016] [:error] [pid 4737] [client ::1:60200] PHP Parse error:  syntax error, unexpected ')', expecting variable (T_VARIABLE) in /home/philippe/nodePastoraleSanteJS/pastoraleSante/php/geteditparoisse.php on line 311, referer: http://localhost/default.html
[Tue Jan 26 19:21:27.750005 2016] [:error] [pid 4735] [client ::1:60202] PHP Parse error:  syntax error, unexpected ')', expecting variable (T_VARIABLE) in /home/philippe/nodePastoraleSanteJS/pastoraleSante/php/geteditparoisse.php on line 311, referer: http://localhost/default.html
[Tue Jan 26 19:21:29.006207 2016] [:error] [pid 4745] [client ::1:60204] PHP Parse error:  syntax error, unexpected ')', expecting variable (T_VARIABLE) in /home/philippe/nodePastoraleSanteJS/pastoraleSante/php/geteditparoisse.php on line 311, referer: http://localhost/default.html
[Tue Jan 26 19:21:31.295518 2016] [:error] [pid 4739] [client ::1:60210] PHP Parse error:  syntax error, unexpected ')', expecting variable (T_VARIABLE) in /home/philippe/nodePastoraleSanteJS/pastoraleSante/php/geteditparoisse.php on line 311, referer: http://localhost/default.html
[Tue Jan 26 19:21:31.446225 2016] [:error] [pid 4738] [client ::1:60206] PHP Parse error:  syntax error, unexpected ')', expecting variable (T_VARIABLE) in /home/philippe/nodePastoraleSanteJS/pastoraleSante/php/geteditparoisse.php on line 311, referer: http://localhost/default.html
[Tue Jan 26 19:21:31.477717 2016] [:error] [pid 5099] [client ::1:60212] PHP Parse error:  syntax error, unexpected ')', expecting variable (T_VARIABLE) in /home/philippe/nodePastoraleSanteJS/pastoraleSante/php/geteditparoisse.php on line 311, referer: http://localhost/default.html
[Tue Jan 26 19:21:32.125824 2016] [:error] [pid 4864] [client ::1:60208] PHP Parse error:  syntax error, unexpected ')', expecting variable (T_VARIABLE) in /home/philippe/nodePastoraleSanteJS/pastoraleSante/php/geteditparoisse.php on line 311, referer: http://localhost/default.html
[Tue Jan 26 19:21:33.542128 2016] [:error] [pid 4863] [client ::1:60214] PHP Parse error:  syntax error, unexpected ')', expecting variable (T_VARIABLE) in /home/philippe/nodePastoraleSanteJS/pastoraleSante/php/geteditparoisse.php on line 311, referer: http://localhost/default.html
[Tue Jan 26 19:21:33.806117 2016] [:error] [pid 4859] [client ::1:60216] PHP Parse error:  syntax error, unexpected ')', expecting variable (T_VARIABLE) in /home/philippe/nodePastoraleSanteJS/pastoraleSante/php/geteditparoisse.php on line 311, referer: http://localhost/default.html
[Tue Jan 26 19:21:36.694464 2016] [:error] [pid 4742] [client ::1:60218] PHP Parse error:  syntax error, unexpected ')', expecting variable (T_VARIABLE) in /home/philippe/nodePastoraleSanteJS/pastoraleSante/php/geteditparoisse.php on line 311, referer: http://localhost/default.html
[Tue Jan 26 19:21:36.750015 2016] [:error] [pid 4737] [client ::1:60220] PHP Parse error:  syntax error, unexpected ')', expecting variable (T_VARIABLE) in /home/philippe/nodePastoraleSanteJS/pastoraleSante/php/geteditparoisse.php on line 311, referer: http://localhost/default.html
[Tue Jan 26 19:21:36.942063 2016] [:error] [pid 4735] [client ::1:60222] PHP Parse error:  syntax error, unexpected ')', expecting variable (T_VARIABLE) in /home/philippe/nodePastoraleSanteJS/pastoraleSante/php/geteditparoisse.php on line 311, referer: http://localhost/default.html
[Tue Jan 26 19:21:37.558175 2016] [:error] [pid 4745] [client ::1:60224] PHP Parse error:  syntax error, unexpected ')', expecting variable (T_VARIABLE) in /home/philippe/nodePastoraleSanteJS/pastoraleSante/php/geteditparoisse.php on line 311, referer: http://localhost/default.html
[Tue Jan 26 19:21:37.598112 2016] [:error] [pid 4739] [client ::1:60226] PHP Parse error:  syntax error, unexpected ')', expecting variable (T_VARIABLE) in /home/philippe/nodePastoraleSanteJS/pastoraleSante/php/geteditparoisse.php on line 311, referer: http://localhost/default.html
[Tue Jan 26 19:21:37.630582 2016] [:error] [pid 4738] [client ::1:60228] PHP Parse error:  syntax error, unexpected ')', expecting variable (T_VARIABLE) in /home/philippe/nodePastoraleSanteJS/pastoraleSante/php/geteditparoisse.php on line 311, referer: http://localhost/default.html
[Tue Jan 26 19:21:37.645816 2016] [:error] [pid 5099] [client ::1:60230] PHP Parse error:  syntax error, unexpected ')', expecting variable (T_VARIABLE) in /home/philippe/nodePastoraleSanteJS/pastoraleSante/php/geteditparoisse.php on line 311, referer: http://localhost/default.html
[Tue Jan 26 19:21:37.653602 2016] [:error] [pid 4864] [client ::1:60232] PHP Parse error:  syntax error, unexpected ')', expecting variable (T_VARIABLE) in /home/philippe/nodePastoraleSanteJS/pastoraleSante/php/geteditparoisse.php on line 311, referer: http://localhost/default.html
[Tue Jan 26 19:21:37.660917 2016] [:error] [pid 4863] [client ::1:60234] PHP Parse error:  syntax error, unexpected ')', expecting variable (T_VARIABLE) in /home/philippe/nodePastoraleSanteJS/pastoraleSante/php/geteditparoisse.php on line 311, referer: http://localhost/default.html
[Tue Jan 26 19:21:37.676719 2016] [:error] [pid 4859] [client ::1:60236] PHP Parse error:  syntax error, unexpected ')', expecting variable (T_VARIABLE) in /home/philippe/nodePastoraleSanteJS/pastoraleSante/php/geteditparoisse.php on line 311, referer: http://localhost/default.html
[Tue Jan 26 19:21:37.692659 2016] [:error] [pid 4742] [client ::1:60238] PHP Parse error:  syntax error, unexpected ')', expecting variable (T_VARIABLE) in /home/philippe/nodePastoraleSanteJS/pastoraleSante/php/geteditparoisse.php on line 311, referer: http://localhost/default.html
[Tue Jan 26 19:21:37.710145 2016] [:error] [pid 4737] [client ::1:60240] PHP Parse error:  syntax error, unexpected ')', expecting variable (T_VARIABLE) in /home/philippe/nodePastoraleSanteJS/pastoraleSante/php/geteditparoisse.php on line 311, referer: http://localhost/default.html
[Tue Jan 26 19:21:41.127149 2016] [:error] [pid 4735] [client ::1:60242] PHP Parse error:  syntax error, unexpected ')', expecting variable (T_VARIABLE) in /home/philippe/nodePastoraleSanteJS/pastoraleSante/php/geteditparoisse.php on line 311, referer: http://localhost/default.html
[Tue Jan 26 19:21:41.158223 2016] [:error] [pid 4745] [client ::1:60244] PHP Parse error:  syntax error, unexpected ')', expecting variable (T_VARIABLE) in /home/philippe/nodePastoraleSanteJS/pastoraleSante/php/geteditparoisse.php on line 311, referer: http://localhost/default.html
[Tue Jan 26 19:21:41.189009 2016] [:error] [pid 4739] [client ::1:60246] PHP Parse error:  syntax error, unexpected ')', expecting variable (T_VARIABLE) in /home/philippe/nodePastoraleSanteJS/pastoraleSante/php/geteditparoisse.php on line 311, referer: http://localhost/default.html
[Tue Jan 26 19:21:41.550314 2016] [:error] [pid 4738] [client ::1:60248] PHP Parse error:  syntax error, unexpected ')', expecting variable (T_VARIABLE) in /home/philippe/nodePastoraleSanteJS/pastoraleSante/php/geteditparoisse.php on line 311, referer: http://localhost/default.html
[Tue Jan 26 19:21:41.685480 2016] [:error] [pid 5099] [client ::1:60250] PHP Parse error:  syntax error, unexpected ')', expecting variable (T_VARIABLE) in /home/philippe/nodePastoraleSanteJS/pastoraleSante/php/geteditparoisse.php on line 311, referer: http://localhost/default.html
[Tue Jan 26 19:21:42.526417 2016] [:error] [pid 4864] [client ::1:60252] PHP Parse error:  syntax error, unexpected ')', expecting variable (T_VARIABLE) in /home/philippe/nodePastoraleSanteJS/pastoraleSante/php/geteditparoisse.php on line 311, referer: http://localhost/default.html
[Tue Jan 26 19:21:44.142886 2016] [:error] [pid 4863] [client ::1:60254] PHP Parse error:  syntax error, unexpected ')', expecting variable (T_VARIABLE) in /home/philippe/nodePastoraleSanteJS/pastoraleSante/php/geteditparoisse.php on line 311, referer: http://localhost/default.html
[Tue Jan 26 19:21:44.181970 2016] [:error] [pid 4859] [client ::1:60256] PHP Parse error:  syntax error, unexpected ')', expecting variable (T_VARIABLE) in /home/philippe/nodePastoraleSanteJS/pastoraleSante/php/geteditparoisse.php on line 311, referer: http://localhost/default.html
[Tue Jan 26 19:24:46.700659 2016] [:error] [pid 4742] [client ::1:60266] PHP Parse error:  syntax error, unexpected ')', expecting variable (T_VARIABLE) in /home/philippe/nodePastoraleSanteJS/pastoraleSante/php/geteditparoisse.php on line 311
[Tue Jan 26 19:24:52.708763 2016] [:error] [pid 4737] [client ::1:60268] PHP Parse error:  syntax error, unexpected ')', expecting variable (T_VARIABLE) in /home/philippe/nodePastoraleSanteJS/pastoraleSante/php/geteditparoisse.php on line 311, referer: http://localhost/default.html
[Tue Jan 26 19:24:52.721744 2016] [:error] [pid 4735] [client ::1:60270] PHP Parse error:  syntax error, unexpected ')', expecting variable (T_VARIABLE) in /home/philippe/nodePastoraleSanteJS/pastoraleSante/php/geteditparoisse.php on line 311, referer: http://localhost/default.html
[Tue Jan 26 19:24:52.739948 2016] [:error] [pid 4745] [client ::1:60272] PHP Parse error:  syntax error, unexpected ')', expecting variable (T_VARIABLE) in /home/philippe/nodePastoraleSanteJS/pastoraleSante/php/geteditparoisse.php on line 311, referer: http://localhost/default.html
[Tue Jan 26 19:24:52.761088 2016] [:error] [pid 4739] [client ::1:60274] PHP Parse error:  syntax error, unexpected ')', expecting variable (T_VARIABLE) in /home/philippe/nodePastoraleSanteJS/pastoraleSante/php/geteditparoisse.php on line 311, referer: http://localhost/default.html
[Tue Jan 26 19:24:52.800861 2016] [:error] [pid 4738] [client ::1:60276] PHP Parse error:  syntax error, unexpected ')', expecting variable (T_VARIABLE) in /home/philippe/nodePastoraleSanteJS/pastoraleSante/php/geteditparoisse.php on line 311, referer: http://localhost/default.html
[Tue Jan 26 19:24:59.504623 2016] [:error] [pid 5099] [client ::1:60278] PHP Parse error:  syntax error, unexpected ')', expecting variable (T_VARIABLE) in /home/philippe/nodePastoraleSanteJS/pastoraleSante/php/geteditparoisse.php on line 311, referer: http://localhost/default.html
[Tue Jan 26 19:25:00.095533 2016] [:error] [pid 4864] [client ::1:60280] PHP Parse error:  syntax error, unexpected ')', expecting variable (T_VARIABLE) in /home/philippe/nodePastoraleSanteJS/pastoraleSante/php/geteditparoisse.php on line 311, referer: http://localhost/default.html
[Tue Jan 26 19:25:00.131263 2016] [:error] [pid 4863] [client ::1:60282] PHP Parse error:  syntax error, unexpected ')', expecting variable (T_VARIABLE) in /home/philippe/nodePastoraleSanteJS/pastoraleSante/php/geteditparoisse.php on line 311, referer: http://localhost/default.html
[Tue Jan 26 19:25:10.835470 2016] [:error] [pid 4859] [client ::1:60284] PHP Parse error:  syntax error, unexpected ')', expecting variable (T_VARIABLE) in /home/philippe/nodePastoraleSanteJS/pastoraleSante/php/geteditparoisse.php on line 311, referer: http://localhost/default.html
[Tue Jan 26 19:25:11.505676 2016] [:error] [pid 4742] [client ::1:60286] PHP Parse error:  syntax error, unexpected ')', expecting variable (T_VARIABLE) in /home/philippe/nodePastoraleSanteJS/pastoraleSante/php/geteditparoisse.php on line 311, referer: http://localhost/default.html
[Tue Jan 26 19:26:05.378154 2016] [:error] [pid 4737] [client ::1:60288] PHP Parse error:  syntax error, unexpected ')', expecting variable (T_VARIABLE) in /home/philippe/nodePastoraleSanteJS/pastoraleSante/php/geteditparoisse.php on line 311, referer: http://localhost/default.html
[Tue Jan 26 19:26:05.585857 2016] [:error] [pid 4735] [client ::1:60290] PHP Parse error:  syntax error, unexpected ')', expecting variable (T_VARIABLE) in /home/philippe/nodePastoraleSanteJS/pastoraleSante/php/geteditparoisse.php on line 311, referer: http://localhost/default.html
[Tue Jan 26 19:26:06.451623 2016] [:error] [pid 4745] [client ::1:60292] PHP Parse error:  syntax error, unexpected ')', expecting variable (T_VARIABLE) in /home/philippe/nodePastoraleSanteJS/pastoraleSante/php/geteditparoisse.php on line 311, referer: http://localhost/default.html
[Tue Jan 26 19:26:06.458829 2016] [:error] [pid 4739] [client ::1:60294] PHP Parse error:  syntax error, unexpected ')', expecting variable (T_VARIABLE) in /home/philippe/nodePastoraleSanteJS/pastoraleSante/php/geteditparoisse.php on line 311, referer: http://localhost/default.html
